Using pre-set license
Built from '2020.3/release' branch; Version is '2020.3.1f1 (77a89f25062f) revision 7841951'; Using compiler version '192528614'; Build Type 'Release'
OS: 'Windows 10 Pro; OS build 19042.985; Version 2009; 64bit' Language: 'fr' Physical Memory: 16336 MB
BatchMode: 1, IsHumanControllingUs: 0, StartBugReporterOnCrash: 0, Is64bit: 1, IsPro: 0

 COMMAND LINE ARGUMENTS:
C:\Program Files\Unity\Hub\Editor\2020.3.1f1\Editor\Unity.exe
-adb2
-batchMode
-noUpm
-name
AssetImportWorker0
-projectPath
C:/Repositories/EndofYear_SpeIngeLogicielle_2021/EscapeTheLabyrinth
-logFile
Logs/AssetImportWorker0.log
-srvPort
58528
Successfully changed project path to: C:/Repositories/EndofYear_SpeIngeLogicielle_2021/EscapeTheLabyrinth
C:/Repositories/EndofYear_SpeIngeLogicielle_2021/EscapeTheLabyrinth
Using Asset Import Pipeline V2.
Refreshing native plugins compatible for Editor in 26.31 ms, found 0 plugins.
Preloading 0 native plugins for Editor in 0.00 ms.
Initialize engine version: 2020.3.1f1 (77a89f25062f)
[Subsystems] Discovering subsystems at path C:/Program Files/Unity/Hub/Editor/2020.3.1f1/Editor/Data/Resources/UnitySubsystems
[Subsystems] Discovering subsystems at path C:/Repositories/EndofYear_SpeIngeLogicielle_2021/EscapeTheLabyrinth/Assets
GfxDevice: creating device client; threaded=0
Direct3D:
    Version:  Direct3D 11.0 [level 11.1]
    Renderer: NVIDIA GeForce RTX 2060 (ID=0x1e89)
    Vendor:   
    VRAM:     5968 MB
    Driver:   27.21.14.5751
Initialize mono
Mono path[0] = 'C:/Program Files/Unity/Hub/Editor/2020.3.1f1/Editor/Data/Managed'
Mono path[1] = 'C:/Program Files/Unity/Hub/Editor/2020.3.1f1/Editor/Data/MonoBleedingEdge/lib/mono/unityjit'
Mono config path = 'C:/Program Files/Unity/Hub/Editor/2020.3.1f1/Editor/Data/MonoBleedingEdge/etc'
Using monoOptions --debugger-agent=transport=dt_socket,embedding=1,server=y,suspend=n,address=127.0.0.1:56880
Begin MonoManager ReloadAssembly
Registering precompiled unity dll's ...
Register platform support module: C:/Program Files/Unity/Hub/Editor/2020.3.1f1/Editor/Data/PlaybackEngines/WindowsStandaloneSupport/UnityEditor.WindowsStandalone.Extensions.dll
Registered in 0.002044 seconds.
Native extension for WindowsStandalone target not found
Refreshing native plugins compatible for Editor in 25.22 ms, found 0 plugins.
Preloading 0 native plugins for Editor in 0.00 ms.
Invoked RoslynAnalysisRunner static constructor.
RoslynAnalysisRunner will not be running.
RoslynAnalysisRunner has terminated.
Mono: successfully reloaded assembly
- Completed reload, in  1.121 seconds
Platform modules already initialized, skipping
Registering precompiled user dll's ...
Registered in 0.000752 seconds.
Begin MonoManager ReloadAssembly
Native extension for WindowsStandalone target not found
Refreshing native plugins compatible for Editor in 0.24 ms, found 0 plugins.
Preloading 0 native plugins for Editor in 0.00 ms.
Invoked RoslynAnalysisRunner static constructor.
RoslynAnalysisRunner will not be running.
RoslynAnalysisRunner has terminated.
Mono: successfully reloaded assembly
- Completed reload, in  0.882 seconds
Platform modules already initialized, skipping
========================================================================
Worker process is ready to serve import requests
Launched and connected shader compiler UnityShaderCompiler.exe after 0.08 seconds
Refreshing native plugins compatible for Editor in 0.23 ms, found 0 plugins.
Preloading 0 native plugins for Editor in 0.00 ms.
Unloading 1154 Unused Serialized files (Serialized files now loaded: 0)
System memory in use before: 59.6 MB.
System memory in use after: 59.7 MB.

Unloading 9 unused Assets to reduce memory usage. Loaded Objects now: 1598.
Total: 1.874400 ms (FindLiveObjects: 0.162300 ms CreateObjectMapping: 0.031600 ms MarkObjects: 1.608600 ms  DeleteObjects: 0.070700 ms)

========================================================================
Received Import Request.
  path: Assets/Prefabs/TestCube.prefab
  artifactKey: Guid(a10e154cbac883440869a916425a7dc7) Importer(815301076,1909f56bfc062723c751e8b465ee728b)
Start importing Assets/Prefabs/TestCube.prefab using Guid(a10e154cbac883440869a916425a7dc7) Importer(815301076,1909f56bfc062723c751e8b465ee728b)  -> (artifact id: '2953e5bd19c9095a8fd348a26926fb5c') in 0.102813 seconds
  Import took 0.104898 seconds .

========================================================================
Received Import Request.
  Time since last request: 0.000211 seconds.
  path: Assets/Prefabs/StartPoint.prefab
  artifactKey: Guid(97a131146b37b3640805929a8a53c7eb) Importer(815301076,1909f56bfc062723c751e8b465ee728b)
Start importing Assets/Prefabs/StartPoint.prefab using Guid(97a131146b37b3640805929a8a53c7eb) Importer(815301076,1909f56bfc062723c751e8b465ee728b)  -> (artifact id: 'e05a6564fcb402887cc302247f32169e') in 0.014198 seconds
  Import took 0.016075 seconds .

========================================================================
Received Import Request.
  Time since last request: 0.000241 seconds.
  path: Assets/Prefabs/Caltrop.prefab
  artifactKey: Guid(0e7546eead2b8224494ce90f6ef04a5c) Importer(815301076,1909f56bfc062723c751e8b465ee728b)
Start importing Assets/Prefabs/Caltrop.prefab using Guid(0e7546eead2b8224494ce90f6ef04a5c) Importer(815301076,1909f56bfc062723c751e8b465ee728b)  -> (artifact id: '9e1b3d0abe3cedb166f755701de373e4') in 0.015199 seconds
  Import took 0.017538 seconds .

========================================================================
Received Import Request.
  Time since last request: 0.000236 seconds.
  path: Assets/Prefabs/Player.prefab
  artifactKey: Guid(a1950ee2df1a4424b99cc44ebc10714d) Importer(815301076,1909f56bfc062723c751e8b465ee728b)
Start importing Assets/Prefabs/Player.prefab using Guid(a1950ee2df1a4424b99cc44ebc10714d) Importer(815301076,1909f56bfc062723c751e8b465ee728b)  -> (artifact id: '9423e5c067ffe765af04f534b454a960') in 0.072235 seconds
  Import took 0.074668 seconds .

========================================================================
Received Import Request.
  Time since last request: 0.000212 seconds.
  path: Assets/Prefabs/EndPoint.prefab
  artifactKey: Guid(d9e38853a3835a34cb611f1efe60e9bb) Importer(815301076,1909f56bfc062723c751e8b465ee728b)
Start importing Assets/Prefabs/EndPoint.prefab using Guid(d9e38853a3835a34cb611f1efe60e9bb) Importer(815301076,1909f56bfc062723c751e8b465ee728b)  -> (artifact id: '6f31339767f6dab2d14b644c785f1eb0') in 0.013725 seconds
  Import took 0.015976 seconds .

========================================================================
Received Import Request.
  Time since last request: 0.000310 seconds.
  path: Assets/Prefabs/Mud.prefab
  artifactKey: Guid(547051e8554f0ad4cb0831e3cd8e9863) Importer(815301076,1909f56bfc062723c751e8b465ee728b)
Start importing Assets/Prefabs/Mud.prefab using Guid(547051e8554f0ad4cb0831e3cd8e9863) Importer(815301076,1909f56bfc062723c751e8b465ee728b)  -> (artifact id: 'b12b8f8c4ad2cf3cefc1e776b2a93ab0') in 0.012835 seconds
  Import took 0.014930 seconds .

========================================================================
Received Prepare
Registering precompiled user dll's ...
Registered in 0.000768 seconds.
Begin MonoManager ReloadAssembly
Native extension for WindowsStandalone target not found
Refreshing native plugins compatible for Editor in 0.22 ms, found 0 plugins.
Preloading 0 native plugins for Editor in 0.00 ms.
Invoked RoslynAnalysisRunner static constructor.
RoslynAnalysisRunner will not be running.
RoslynAnalysisRunner has terminated.
Mono: successfully reloaded assembly
- Completed reload, in  0.813 seconds
Platform modules already initialized, skipping
Refreshing native plugins compatible for Editor in 0.23 ms, found 0 plugins.
Preloading 0 native plugins for Editor in 0.00 ms.
Unloading 1135 Unused Serialized files (Serialized files now loaded: 0)
System memory in use before: 75.6 MB.
System memory in use after: 75.7 MB.

Unloading 5 unused Assets to reduce memory usage. Loaded Objects now: 1610.
Total: 1.746300 ms (FindLiveObjects: 0.221500 ms CreateObjectMapping: 0.033500 ms MarkObjects: 1.459700 ms  DeleteObjects: 0.030000 ms)

========================================================================
Received Prepare
Registering precompiled user dll's ...
Registered in 0.000720 seconds.
Begin MonoManager ReloadAssembly
Native extension for WindowsStandalone target not found
Refreshing native plugins compatible for Editor in 0.32 ms, found 0 plugins.
Preloading 0 native plugins for Editor in 0.00 ms.
Invoked RoslynAnalysisRunner static constructor.
RoslynAnalysisRunner will not be running.
RoslynAnalysisRunner has terminated.
Mono: successfully reloaded assembly
- Completed reload, in  0.825 seconds
Platform modules already initialized, skipping
Refreshing native plugins compatible for Editor in 0.25 ms, found 0 plugins.
Preloading 0 native plugins for Editor in 0.00 ms.
Unloading 1135 Unused Serialized files (Serialized files now loaded: 0)
System memory in use before: 75.6 MB.
System memory in use after: 75.7 MB.

Unloading 4 unused Assets to reduce memory usage. Loaded Objects now: 1613.
Total: 1.676700 ms (FindLiveObjects: 0.170100 ms CreateObjectMapping: 0.031000 ms MarkObjects: 1.450500 ms  DeleteObjects: 0.024000 ms)

========================================================================
Received Prepare
Registering precompiled user dll's ...
Registered in 0.001172 seconds.
Begin MonoManager ReloadAssembly
Native extension for WindowsStandalone target not found
Refreshing native plugins compatible for Editor in 0.24 ms, found 0 plugins.
Preloading 0 native plugins for Editor in 0.00 ms.
Invoked RoslynAnalysisRunner static constructor.
RoslynAnalysisRunner will not be running.
RoslynAnalysisRunner has terminated.
Mono: successfully reloaded assembly
- Completed reload, in  0.800 seconds
Platform modules already initialized, skipping
Refreshing native plugins compatible for Editor in 0.23 ms, found 0 plugins.
Preloading 0 native plugins for Editor in 0.00 ms.
Unloading 1135 Unused Serialized files (Serialized files now loaded: 0)
System memory in use before: 75.6 MB.
System memory in use after: 75.7 MB.

Unloading 4 unused Assets to reduce memory usage. Loaded Objects now: 1616.
Total: 1.650600 ms (FindLiveObjects: 0.154700 ms CreateObjectMapping: 0.027300 ms MarkObjects: 1.452000 ms  DeleteObjects: 0.015400 ms)

AssetImportWorkerClient::OnTransportError - code=2 error=End of file
